Arguments: 
  /Users/twaserman/.nvm/versions/node/v14.15.4/bin/node /usr/local/Cellar/yarn/1.22.10/libexec/bin/yarn.js

PATH: 
  /Users/twaserman/.nvm/versions/node/v14.15.4/bin:/usr/local/bin:/usr/bin:/bin:/usr/sbin:/sbin:/Users/twaserman/Desktop/dev/tess:/Library/Apple/usr/bin:/opt/tess/bin/tess:/Users/twaserman/Desktop/dev/tess

Yarn version: 
  1.22.10

Node version: 
  14.15.4

Platform: 
  darwin x64

Trace: 
  Error: getaddrinfo ENOTFOUND npm.corp.ebay.com
      at GetAddrInfoReqWrap.onlookup [as oncomplete] (dns.js:67:26)

npm manifest: 
  {
    "name": "eth-todo-list",
    "version": "1.0.0",
    "description": "Blockchain Todo List Powered By Ethereum",
    "main": "truffle-config.js",
    "directories": {
      "test": "test"
    },
    "scripts": {
      "dev": "lite-server",
      "compile": "truffle compile",
      "migrate": "truffle migrate",
      "migrate:reset": "truffle migrate --reset",
      "deploy": "truffle deploy --reset",
      "start": "yarn dev",
      "console": "truffle console",
      "test": "truffle test"
    },
    "author": "talwaserman@gmail.com",
    "license": "ISC",
    "devDependencies": {
      "bootstrap": "4.1.3",
      "chai": "^4.1.2",
      "chai-as-promised": "^7.1.1",
      "chai-bignumber": "^2.0.2",
      "lite-server": "^2.3.0",
      "nodemon": "^1.17.3",
      "web3": "^1.7.1"
    },
    "dependencies": {
      "@truffle/contract": "^4.5.0",
      "truffle": "^5.5.4"
    }
  }

yarn manifest: 
  No manifest

Lockfile: 
  No lockfile
